Build started 5/8/2016 11:44:23 PM.
     1>Project "C:\Users\Alex Lostak\Documents\Chase_EE312\students\ajl3287\Project10\Project10.vcxproj" on node 2 (Build target(s)).
     1>ClCompile:
         C:\Program Files (x86)\Microsoft Visual Studio 14.0\VC\bin\x86_amd64\CL.exe /c /ZI /nologo /W3 /WX- /Od /D _DEBUG /D _CONSOLE /D _UNICODE /D UNICODE /Gm /EHsc /RTC1 /MDd /GS /fp:precise /Zc:wchar_t /Zc:forScope /Zc:inline /Fo"x64\Debug\\" /Fd"x64\Debug\vc140.pdb" /Gd /TP /errorReport:prompt Input.cpp MemHeap.cpp Project10.cpp statement.cpp Type_expr.cpp Vector.cpp
         Vector.cpp
     1>c:\users\alex lostak\documents\chase_ee312\students\ajl3287\project10\memheap.h(16): warning C4267: 'argument': conversion from 'size_t' to 'unsigned int', possible loss of data
     1>c:\users\alex lostak\documents\chase_ee312\students\ajl3287\project10\memheap.h(17): warning C4267: 'argument': conversion from 'size_t' to 'unsigned int', possible loss of data
     1>c:\users\alex lostak\documents\chase_ee312\students\ajl3287\project10\string.h(50): warning C4018: '<': signed/unsigned mismatch
         Type_expr.cpp
     1>c:\users\alex lostak\documents\chase_ee312\students\ajl3287\project10\memheap.h(16): warning C4267: 'argument': conversion from 'size_t' to 'unsigned int', possible loss of data
     1>c:\users\alex lostak\documents\chase_ee312\students\ajl3287\project10\memheap.h(17): warning C4267: 'argument': conversion from 'size_t' to 'unsigned int', possible loss of data
     1>c:\users\alex lostak\documents\chase_ee312\students\ajl3287\project10\string.h(50): warning C4018: '<': signed/unsigned mismatch
         statement.cpp
     1>c:\users\alex lostak\documents\chase_ee312\students\ajl3287\project10\memheap.h(16): warning C4267: 'argument': conversion from 'size_t' to 'unsigned int', possible loss of data
     1>c:\users\alex lostak\documents\chase_ee312\students\ajl3287\project10\memheap.h(17): warning C4267: 'argument': conversion from 'size_t' to 'unsigned int', possible loss of data
     1>c:\users\alex lostak\documents\chase_ee312\students\ajl3287\project10\string.h(50): warning C4018: '<': signed/unsigned mismatch
         Project10.cpp
     1>c:\users\alex lostak\documents\chase_ee312\students\ajl3287\project10\memheap.h(16): warning C4267: 'argument': conversion from 'size_t' to 'unsigned int', possible loss of data
     1>c:\users\alex lostak\documents\chase_ee312\students\ajl3287\project10\memheap.h(17): warning C4267: 'argument': conversion from 'size_t' to 'unsigned int', possible loss of data
     1>c:\users\alex lostak\documents\chase_ee312\students\ajl3287\project10\string.h(50): warning C4018: '<': signed/unsigned mismatch
         MemHeap.cpp
     1>c:\users\alex lostak\documents\chase_ee312\students\ajl3287\project10\memheap.h(16): warning C4267: 'argument': conversion from 'size_t' to 'unsigned int', possible loss of data
     1>c:\users\alex lostak\documents\chase_ee312\students\ajl3287\project10\memheap.h(17): warning C4267: 'argument': conversion from 'size_t' to 'unsigned int', possible loss of data
     1>c:\users\alex lostak\documents\chase_ee312\students\ajl3287\project10\memheap.cpp(142): warning C4018: '>': signed/unsigned mismatch
     1>c:\users\alex lostak\documents\chase_ee312\students\ajl3287\project10\memheap.cpp(269): warning C4244: '=': conversion from '__int64' to 'unsigned int', possible loss of data
         Input.cpp
     1>c:\users\alex lostak\documents\chase_ee312\students\ajl3287\project10\input.cpp(19): warning C4996: 'fopen': This function or variable may be unsafe. Consider using fopen_s instead. To disable deprecation, use _CRT_SECURE_NO_WARNINGS. See online help for details.
         c:\program files (x86)\windows kits\10\include\10.0.10150.0\ucrt\stdio.h(205): note: see declaration of 'fopen'
         Generating Code...
       Link:
         C:\Program Files (x86)\Microsoft Visual Studio 14.0\VC\bin\x86_amd64\link.exe /ERRORREPORT:PROMPT /OUT:"C:\Users\Alex Lostak\Documents\Chase_EE312\students\ajl3287\Project10\x64\Debug\Project10.exe" /INCREMENTAL /NOLOGO kernel32.lib user32.lib gdi32.lib winspool.lib comdlg32.lib advapi32.lib shell32.lib ole32.lib oleaut32.lib uuid.lib odbc32.lib odbccp32.lib /MANIFEST /MANIFESTUAC:"level='asInvoker' uiAccess='false'" /manifest:embed /Debug /PDB:"C:\Users\Alex Lostak\Documents\Chase_EE312\students\ajl3287\Project10\x64\Debug\Project10.pdb" /SUBSYSTEM:CONSOLE /TLBID:1 /DYNAMICBASE /NXCOMPAT /IMPLIB:"C:\Users\Alex Lostak\Documents\Chase_EE312\students\ajl3287\Project10\x64\Debug\Project10.lib" /MACHINE:X64 x64\Debug\Input.obj
         x64\Debug\MemHeap.obj
         x64\Debug\Project10.obj
         x64\Debug\statement.obj
         x64\Debug\Type_expr.obj
         x64\Debug\Vector.obj
         Project10.vcxproj -> C:\Users\Alex Lostak\Documents\Chase_EE312\students\ajl3287\Project10\x64\Debug\Project10.exe
     1>Done Building Project "C:\Users\Alex Lostak\Documents\Chase_EE312\students\ajl3287\Project10\Project10.vcxproj" (Build target(s)).

Build succeeded.

Time Elapsed 00:00:02.23
